{"/Users/JoseMunoz/myShipments/src/containers/Home/Home.ducks.js": {"path":"/Users/JoseMunoz/myShipments/src/containers/Home/Home.ducks.js","statementMap":{"0":{"start":{"line":7,"column":20},"end":{"line":7,"column":45}},"1":{"start":{"line":8,"column":23},"end":{"line":8,"column":54}},"2":{"start":{"line":9,"column":28},"end":{"line":9,"column":64}},"3":{"start":{"line":10,"column":31},"end":{"line":10,"column":70}},"4":{"start":{"line":12,"column":21},"end":{"line":15,"column":1}},"5":{"start":{"line":17,"column":16},"end":{"line":36,"column":1}},"6":{"start":{"line":18,"column":2},"end":{"line":35,"column":3}},"7":{"start":{"line":21,"column":39},"end":{"line":21,"column":44}},"8":{"start":{"line":22,"column":25},"end":{"line":22,"column":34}},"9":{"start":{"line":24,"column":6},"end":{"line":24,"column":38}},"10":{"start":{"line":28,"column":23},"end":{"line":28,"column":30}},"11":{"start":{"line":29,"column":29},"end":{"line":29,"column":41}},"12":{"start":{"line":31,"column":6},"end":{"line":31,"column":44}},"13":{"start":{"line":34,"column":13},"end":{"line":34,"column":26}},"14":{"start":{"line":38,"column":22},"end":{"line":38,"column":54}},"15":{"start":{"line":38,"column":29},"end":{"line":38,"column":53}},"16":{"start":{"line":39,"column":26},"end":{"line":42,"column":2}},"17":{"start":{"line":39,"column":36},"end":{"line":42,"column":1}},"18":{"start":{"line":43,"column":29},"end":{"line":46,"column":2}},"19":{"start":{"line":43,"column":38},"end":{"line":46,"column":1}}},"fnMap":{"0":{"name":"(anonymous_0)","decl":{"start":{"line":17,"column":16},"end":{"line":17,"column":17}},"loc":{"start":{"line":17,"column":61},"end":{"line":36,"column":1}},"line":17},"1":{"name":"(anonymous_1)","decl":{"start":{"line":38,"column":22},"end":{"line":38,"column":23}},"loc":{"start":{"line":38,"column":29},"end":{"line":38,"column":53}},"line":38},"2":{"name":"(anonymous_2)","decl":{"start":{"line":39,"column":26},"end":{"line":39,"column":27}},"loc":{"start":{"line":39,"column":36},"end":{"line":42,"column":1}},"line":39},"3":{"name":"(anonymous_3)","decl":{"start":{"line":43,"column":29},"end":{"line":43,"column":30}},"loc":{"start":{"line":43,"column":38},"end":{"line":46,"column":1}},"line":43}},"branchMap":{"0":{"loc":{"start":{"line":17,"column":17},"end":{"line":17,"column":37}},"type":"default-arg","locations":[{"start":{"line":17,"column":25},"end":{"line":17,"column":37}}],"line":17},"1":{"loc":{"start":{"line":18,"column":2},"end":{"line":35,"column":3}},"type":"switch","locations":[{"start":{"line":19,"column":4},"end":{"line":19,"column":24}},{"start":{"line":20,"column":4},"end":{"line":25,"column":5}},{"start":{"line":27,"column":4},"end":{"line":32,"column":5}},{"start":{"line":34,"column":4},"end":{"line":34,"column":26}}],"line":18}},"s":{"0":2,"1":2,"2":2,"3":2,"4":2,"5":2,"6":3,"7":2,"8":2,"9":2,"10":1,"11":1,"12":1,"13":0,"14":2,"15":1,"16":2,"17":1,"18":2,"19":1},"f":{"0":3,"1":1,"2":1,"3":1},"b":{"0":[0],"1":[1,2,1,0]},"_coverageSchema":"332fd63041d2c1bcb487cc26dd0d5f7d97098a6c","hash":"338a00f46a5a093b651da447b1618f22e5c0d1e3"}
,"/Users/JoseMunoz/myShipments/src/containers/Home/Home.sagas.js": {"path":"/Users/JoseMunoz/myShipments/src/containers/Home/Home.sagas.js","statementMap":{"0":{"start":{"line":23,"column":23},"end":{"line":27,"column":1}},"1":{"start":{"line":24,"column":22},"end":{"line":24,"column":49}},"2":{"start":{"line":26,"column":2},"end":{"line":26,"column":17}},"3":{"start":{"line":29,"column":30},"end":{"line":35,"column":1}},"4":{"start":{"line":30,"column":25},"end":{"line":30,"column":58}},"5":{"start":{"line":31,"column":19},"end":{"line":31,"column":52}},"6":{"start":{"line":32,"column":19},"end":{"line":32,"column":23}},"7":{"start":{"line":34,"column":2},"end":{"line":34,"column":24}},"8":{"start":{"line":38,"column":2},"end":{"line":45,"column":3}},"9":{"start":{"line":39,"column":15},"end":{"line":39,"column":41}},"10":{"start":{"line":40,"column":17},"end":{"line":40,"column":54}},"11":{"start":{"line":42,"column":4},"end":{"line":42,"column":42}},"12":{"start":{"line":44,"column":4},"end":{"line":44,"column":40}},"13":{"start":{"line":49,"column":2},"end":{"line":51,"column":5}}},"fnMap":{"0":{"name":"(anonymous_0)","decl":{"start":{"line":23,"column":23},"end":{"line":23,"column":24}},"loc":{"start":{"line":23,"column":35},"end":{"line":27,"column":1}},"line":23},"1":{"name":"(anonymous_1)","decl":{"start":{"line":29,"column":30},"end":{"line":29,"column":31}},"loc":{"start":{"line":29,"column":42},"end":{"line":35,"column":1}},"line":29},"2":{"name":"retrievePackages","decl":{"start":{"line":37,"column":10},"end":{"line":37,"column":26}},"loc":{"start":{"line":37,"column":29},"end":{"line":46,"column":1}},"line":37},"3":{"name":"rootSaga","decl":{"start":{"line":48,"column":10},"end":{"line":48,"column":18}},"loc":{"start":{"line":48,"column":21},"end":{"line":52,"column":1}},"line":48}},"branchMap":{},"s":{"0":1,"1":0,"2":0,"3":1,"4":0,"5":0,"6":0,"7":0,"8":1,"9":1,"10":0,"11":0,"12":0,"13":0},"f":{"0":0,"1":0,"2":1,"3":0},"b":{},"_coverageSchema":"332fd63041d2c1bcb487cc26dd0d5f7d97098a6c","hash":"2dba1a9d8bdd49929d66eb0d4303b710626d4b56"}
,"/Users/JoseMunoz/myShipments/src/containers/Login/Login.ducks.js": {"path":"/Users/JoseMunoz/myShipments/src/containers/Login/Login.ducks.js","statementMap":{"0":{"start":{"line":7,"column":20},"end":{"line":7,"column":46}},"1":{"start":{"line":8,"column":14},"end":{"line":8,"column":36}},"2":{"start":{"line":9,"column":19},"end":{"line":9,"column":46}},"3":{"start":{"line":10,"column":22},"end":{"line":10,"column":52}},"4":{"start":{"line":12,"column":21},"end":{"line":14,"column":1}},"5":{"start":{"line":16,"column":16},"end":{"line":29,"column":1}},"6":{"start":{"line":17,"column":2},"end":{"line":28,"column":3}},"7":{"start":{"line":21,"column":38},"end":{"line":21,"column":43}},"8":{"start":{"line":22,"column":24},"end":{"line":22,"column":33}},"9":{"start":{"line":24,"column":6},"end":{"line":24,"column":37}},"10":{"start":{"line":27,"column":13},"end":{"line":27,"column":26}},"11":{"start":{"line":31,"column":14},"end":{"line":34,"column":2}},"12":{"start":{"line":31,"column":23},"end":{"line":34,"column":1}},"13":{"start":{"line":36,"column":18},"end":{"line":39,"column":2}},"14":{"start":{"line":36,"column":28},"end":{"line":39,"column":1}},"15":{"start":{"line":41,"column":21},"end":{"line":44,"column":2}},"16":{"start":{"line":41,"column":30},"end":{"line":44,"column":1}}},"fnMap":{"0":{"name":"(anonymous_0)","decl":{"start":{"line":16,"column":16},"end":{"line":16,"column":17}},"loc":{"start":{"line":16,"column":52},"end":{"line":29,"column":1}},"line":16},"1":{"name":"(anonymous_1)","decl":{"start":{"line":31,"column":14},"end":{"line":31,"column":15}},"loc":{"start":{"line":31,"column":23},"end":{"line":34,"column":1}},"line":31},"2":{"name":"(anonymous_2)","decl":{"start":{"line":36,"column":18},"end":{"line":36,"column":19}},"loc":{"start":{"line":36,"column":28},"end":{"line":39,"column":1}},"line":36},"3":{"name":"(anonymous_3)","decl":{"start":{"line":41,"column":21},"end":{"line":41,"column":22}},"loc":{"start":{"line":41,"column":30},"end":{"line":44,"column":1}},"line":41}},"branchMap":{"0":{"loc":{"start":{"line":16,"column":17},"end":{"line":16,"column":37}},"type":"default-arg","locations":[{"start":{"line":16,"column":25},"end":{"line":16,"column":37}}],"line":16},"1":{"loc":{"start":{"line":17,"column":2},"end":{"line":28,"column":3}},"type":"switch","locations":[{"start":{"line":18,"column":4},"end":{"line":18,"column":15}},{"start":{"line":19,"column":4},"end":{"line":19,"column":20}},{"start":{"line":20,"column":4},"end":{"line":25,"column":5}},{"start":{"line":27,"column":4},"end":{"line":27,"column":26}}],"line":17}},"s":{"0":1,"1":1,"2":1,"3":1,"4":1,"5":1,"6":3,"7":3,"8":3,"9":3,"10":0,"11":1,"12":1,"13":1,"14":1,"15":1,"16":1},"f":{"0":3,"1":1,"2":1,"3":1},"b":{"0":[0],"1":[1,2,3,0]},"_coverageSchema":"332fd63041d2c1bcb487cc26dd0d5f7d97098a6c","hash":"19efa0d9fcc01d06926e06ba7d19c609ca7267d1"}
,"/Users/JoseMunoz/myShipments/src/containers/Signup/Signup.ducks.js": {"path":"/Users/JoseMunoz/myShipments/src/containers/Signup/Signup.ducks.js","statementMap":{"0":{"start":{"line":7,"column":19},"end":{"line":7,"column":46}},"1":{"start":{"line":8,"column":17},"end":{"line":8,"column":41}},"2":{"start":{"line":9,"column":22},"end":{"line":9,"column":51}},"3":{"start":{"line":10,"column":25},"end":{"line":10,"column":57}},"4":{"start":{"line":12,"column":21},"end":{"line":14,"column":1}},"5":{"start":{"line":16,"column":16},"end":{"line":28,"column":1}},"6":{"start":{"line":17,"column":2},"end":{"line":27,"column":3}},"7":{"start":{"line":21,"column":39},"end":{"line":21,"column":44}},"8":{"start":{"line":22,"column":24},"end":{"line":22,"column":34}},"9":{"start":{"line":24,"column":6},"end":{"line":24,"column":37}},"10":{"start":{"line":26,"column":13},"end":{"line":26,"column":26}},"11":{"start":{"line":30,"column":17},"end":{"line":33,"column":2}},"12":{"start":{"line":30,"column":26},"end":{"line":33,"column":1}},"13":{"start":{"line":35,"column":21},"end":{"line":38,"column":2}},"14":{"start":{"line":35,"column":31},"end":{"line":38,"column":1}},"15":{"start":{"line":40,"column":24},"end":{"line":43,"column":2}},"16":{"start":{"line":40,"column":33},"end":{"line":43,"column":1}}},"fnMap":{"0":{"name":"(anonymous_0)","decl":{"start":{"line":16,"column":16},"end":{"line":16,"column":17}},"loc":{"start":{"line":16,"column":52},"end":{"line":28,"column":1}},"line":16},"1":{"name":"(anonymous_1)","decl":{"start":{"line":30,"column":17},"end":{"line":30,"column":18}},"loc":{"start":{"line":30,"column":26},"end":{"line":33,"column":1}},"line":30},"2":{"name":"(anonymous_2)","decl":{"start":{"line":35,"column":21},"end":{"line":35,"column":22}},"loc":{"start":{"line":35,"column":31},"end":{"line":38,"column":1}},"line":35},"3":{"name":"(anonymous_3)","decl":{"start":{"line":40,"column":24},"end":{"line":40,"column":25}},"loc":{"start":{"line":40,"column":33},"end":{"line":43,"column":1}},"line":40}},"branchMap":{"0":{"loc":{"start":{"line":16,"column":17},"end":{"line":16,"column":37}},"type":"default-arg","locations":[{"start":{"line":16,"column":25},"end":{"line":16,"column":37}}],"line":16},"1":{"loc":{"start":{"line":17,"column":2},"end":{"line":27,"column":3}},"type":"switch","locations":[{"start":{"line":18,"column":4},"end":{"line":18,"column":18}},{"start":{"line":19,"column":4},"end":{"line":19,"column":23}},{"start":{"line":20,"column":4},"end":{"line":25,"column":5}},{"start":{"line":26,"column":4},"end":{"line":26,"column":26}}],"line":17}},"s":{"0":2,"1":2,"2":2,"3":2,"4":2,"5":2,"6":3,"7":3,"8":3,"9":3,"10":0,"11":2,"12":1,"13":2,"14":2,"15":2,"16":3},"f":{"0":3,"1":1,"2":2,"3":3},"b":{"0":[0],"1":[1,2,3,0]},"_coverageSchema":"332fd63041d2c1bcb487cc26dd0d5f7d97098a6c","hash":"119a50a831609ae3b5c9920768b0fa99e83c0a8e"}
,"/Users/JoseMunoz/myShipments/src/containers/Signup/Signup.sagas.js": {"path":"/Users/JoseMunoz/myShipments/src/containers/Signup/Signup.sagas.js","statementMap":{"0":{"start":{"line":21,"column":2},"end":{"line":28,"column":3}},"1":{"start":{"line":22,"column":21},"end":{"line":22,"column":28}},"2":{"start":{"line":23,"column":21},"end":{"line":23,"column":50}},"3":{"start":{"line":25,"column":4},"end":{"line":25,"column":37}},"4":{"start":{"line":27,"column":4},"end":{"line":27,"column":35}},"5":{"start":{"line":32,"column":2},"end":{"line":34,"column":5}}},"fnMap":{"0":{"name":"registerUser","decl":{"start":{"line":20,"column":10},"end":{"line":20,"column":22}},"loc":{"start":{"line":20,"column":36},"end":{"line":29,"column":1}},"line":20},"1":{"name":"rootSaga","decl":{"start":{"line":31,"column":10},"end":{"line":31,"column":18}},"loc":{"start":{"line":31,"column":21},"end":{"line":35,"column":1}},"line":31}},"branchMap":{},"s":{"0":2,"1":2,"2":2,"3":1,"4":0,"5":0},"f":{"0":2,"1":0},"b":{},"_coverageSchema":"332fd63041d2c1bcb487cc26dd0d5f7d97098a6c","hash":"2d2717b5f8ec2d367f7b773902a9c3e927bfac14"}
,"/Users/JoseMunoz/myShipments/src/graphql/queries.js": {"path":"/Users/JoseMunoz/myShipments/src/graphql/queries.js","statementMap":{"0":{"start":{"line":4,"column":23},"end":{"line":39,"column":1}},"1":{"start":{"line":40,"column":25},"end":{"line":82,"column":1}},"2":{"start":{"line":83,"column":27},"end":{"line":134,"column":1}},"3":{"start":{"line":135,"column":29},"end":{"line":193,"column":1}},"4":{"start":{"line":194,"column":29},"end":{"line":235,"column":1}},"5":{"start":{"line":236,"column":31},"end":{"line":284,"column":1}}},"fnMap":{},"branchMap":{},"s":{"0":1,"1":1,"2":1,"3":1,"4":1,"5":1},"f":{},"b":{},"_coverageSchema":"332fd63041d2c1bcb487cc26dd0d5f7d97098a6c","hash":"5afc961e3da051e576cf89cfb24793d43b2f42e4"}
,"/Users/JoseMunoz/myShipments/src/services/AfterShip.js": {"path":"/Users/JoseMunoz/myShipments/src/services/AfterShip.js","statementMap":{"0":{"start":{"line":9,"column":24},"end":{"line":9,"column":62}},"1":{"start":{"line":10,"column":13},"end":{"line":17,"column":2}},"2":{"start":{"line":19,"column":33},"end":{"line":19,"column":60}},"3":{"start":{"line":19,"column":56},"end":{"line":19,"column":60}},"4":{"start":{"line":20,"column":21},"end":{"line":20,"column":89}},"5":{"start":{"line":20,"column":40},"end":{"line":20,"column":88}},"6":{"start":{"line":22,"column":22},"end":{"line":28,"column":1}},"7":{"start":{"line":23,"column":15},"end":{"line":23,"column":43}},"8":{"start":{"line":24,"column":17},"end":{"line":24,"column":58}},"9":{"start":{"line":25,"column":23},"end":{"line":25,"column":55}},"10":{"start":{"line":27,"column":2},"end":{"line":27,"column":18}},"11":{"start":{"line":30,"column":26},"end":{"line":35,"column":1}},"12":{"start":{"line":31,"column":17},"end":{"line":31,"column":44}},"13":{"start":{"line":32,"column":23},"end":{"line":32,"column":55}},"14":{"start":{"line":34,"column":2},"end":{"line":34,"column":18}},"15":{"start":{"line":37,"column":23},"end":{"line":42,"column":1}},"16":{"start":{"line":38,"column":17},"end":{"line":38,"column":48}},"17":{"start":{"line":39,"column":23},"end":{"line":39,"column":55}},"18":{"start":{"line":41,"column":2},"end":{"line":41,"column":18}},"19":{"start":{"line":44,"column":24},"end":{"line":49,"column":1}},"20":{"start":{"line":45,"column":17},"end":{"line":45,"column":72}},"21":{"start":{"line":46,"column":23},"end":{"line":46,"column":55}},"22":{"start":{"line":48,"column":2},"end":{"line":48,"column":18}},"23":{"start":{"line":51,"column":16},"end":{"line":56,"column":1}},"24":{"start":{"line":52,"column":17},"end":{"line":52,"column":80}},"25":{"start":{"line":53,"column":23},"end":{"line":53,"column":55}},"26":{"start":{"line":55,"column":2},"end":{"line":55,"column":18}},"27":{"start":{"line":58,"column":23},"end":{"line":63,"column":1}},"28":{"start":{"line":59,"column":17},"end":{"line":59,"column":78}},"29":{"start":{"line":60,"column":23},"end":{"line":60,"column":55}},"30":{"start":{"line":62,"column":2},"end":{"line":62,"column":18}},"31":{"start":{"line":65,"column":20},"end":{"line":71,"column":1}},"32":{"start":{"line":66,"column":15},"end":{"line":66,"column":43}},"33":{"start":{"line":67,"column":17},"end":{"line":67,"column":51}},"34":{"start":{"line":68,"column":23},"end":{"line":68,"column":55}},"35":{"start":{"line":70,"column":2},"end":{"line":70,"column":18}},"36":{"start":{"line":73,"column":28},"end":{"line":78,"column":1}},"37":{"start":{"line":74,"column":17},"end":{"line":74,"column":79}},"38":{"start":{"line":75,"column":25},"end":{"line":75,"column":57}},"39":{"start":{"line":77,"column":2},"end":{"line":77,"column":20}},"40":{"start":{"line":80,"column":25},"end":{"line":85,"column":1}},"41":{"start":{"line":81,"column":17},"end":{"line":81,"column":76}},"42":{"start":{"line":82,"column":27},"end":{"line":82,"column":59}},"43":{"start":{"line":84,"column":2},"end":{"line":84,"column":22}},"44":{"start":{"line":87,"column":28},"end":{"line":92,"column":1}},"45":{"start":{"line":88,"column":17},"end":{"line":88,"column":88}},"46":{"start":{"line":89,"column":27},"end":{"line":89,"column":59}},"47":{"start":{"line":91,"column":2},"end":{"line":91,"column":22}},"48":{"start":{"line":94,"column":30},"end":{"line":99,"column":1}},"49":{"start":{"line":95,"column":17},"end":{"line":95,"column":91}},"50":{"start":{"line":96,"column":27},"end":{"line":96,"column":59}},"51":{"start":{"line":98,"column":2},"end":{"line":98,"column":22}}},"fnMap":{"0":{"name":"(anonymous_0)","decl":{"start":{"line":19,"column":33},"end":{"line":19,"column":34}},"loc":{"start":{"line":19,"column":56},"end":{"line":19,"column":60}},"line":19},"1":{"name":"(anonymous_1)","decl":{"start":{"line":20,"column":21},"end":{"line":20,"column":22}},"loc":{"start":{"line":20,"column":40},"end":{"line":20,"column":88}},"line":20},"2":{"name":"(anonymous_2)","decl":{"start":{"line":22,"column":22},"end":{"line":22,"column":23}},"loc":{"start":{"line":22,"column":46},"end":{"line":28,"column":1}},"line":22},"3":{"name":"(anonymous_3)","decl":{"start":{"line":30,"column":26},"end":{"line":30,"column":27}},"loc":{"start":{"line":30,"column":38},"end":{"line":35,"column":1}},"line":30},"4":{"name":"(anonymous_4)","decl":{"start":{"line":37,"column":23},"end":{"line":37,"column":24}},"loc":{"start":{"line":37,"column":35},"end":{"line":42,"column":1}},"line":37},"5":{"name":"(anonymous_5)","decl":{"start":{"line":44,"column":24},"end":{"line":44,"column":25}},"loc":{"start":{"line":44,"column":58},"end":{"line":49,"column":1}},"line":44},"6":{"name":"(anonymous_6)","decl":{"start":{"line":51,"column":16},"end":{"line":51,"column":17}},"loc":{"start":{"line":51,"column":50},"end":{"line":56,"column":1}},"line":51},"7":{"name":"(anonymous_7)","decl":{"start":{"line":58,"column":23},"end":{"line":58,"column":24}},"loc":{"start":{"line":58,"column":63},"end":{"line":63,"column":1}},"line":58},"8":{"name":"(anonymous_8)","decl":{"start":{"line":65,"column":20},"end":{"line":65,"column":21}},"loc":{"start":{"line":65,"column":44},"end":{"line":71,"column":1}},"line":65},"9":{"name":"(anonymous_9)","decl":{"start":{"line":73,"column":28},"end":{"line":73,"column":29}},"loc":{"start":{"line":73,"column":62},"end":{"line":78,"column":1}},"line":73},"10":{"name":"(anonymous_10)","decl":{"start":{"line":80,"column":25},"end":{"line":80,"column":26}},"loc":{"start":{"line":80,"column":59},"end":{"line":85,"column":1}},"line":80},"11":{"name":"(anonymous_11)","decl":{"start":{"line":87,"column":28},"end":{"line":87,"column":29}},"loc":{"start":{"line":87,"column":68},"end":{"line":92,"column":1}},"line":87},"12":{"name":"(anonymous_12)","decl":{"start":{"line":94,"column":30},"end":{"line":94,"column":31}},"loc":{"start":{"line":94,"column":70},"end":{"line":99,"column":1}},"line":94}},"branchMap":{},"s":{"0":1,"1":1,"2":1,"3":11,"4":1,"5":2,"6":1,"7":1,"8":1,"9":1,"10":1,"11":1,"12":1,"13":1,"14":1,"15":1,"16":1,"17":1,"18":1,"19":1,"20":1,"21":1,"22":1,"23":1,"24":1,"25":1,"26":1,"27":1,"28":1,"29":1,"30":1,"31":1,"32":1,"33":1,"34":1,"35":1,"36":1,"37":1,"38":1,"39":1,"40":1,"41":1,"42":1,"43":1,"44":1,"45":1,"46":1,"47":1,"48":1,"49":1,"50":1,"51":1},"f":{"0":11,"1":2,"2":1,"3":1,"4":1,"5":1,"6":1,"7":1,"8":1,"9":1,"10":1,"11":1,"12":1},"b":{},"_coverageSchema":"332fd63041d2c1bcb487cc26dd0d5f7d97098a6c","hash":"beca033073a4ffd62ac9f29dd53b490cc55aa9a1"}
}
