TN:
SF:/Users/JoseMunoz/myShipments/src/containers/Home/Home.ducks.js
FN:17,(anonymous_0)
FN:38,(anonymous_1)
FN:39,(anonymous_2)
FN:43,(anonymous_3)
FNF:4
FNH:4
FNDA:3,(anonymous_0)
FNDA:1,(anonymous_1)
FNDA:1,(anonymous_2)
FNDA:1,(anonymous_3)
DA:7,2
DA:8,2
DA:9,2
DA:10,2
DA:12,2
DA:17,2
DA:18,3
DA:21,2
DA:22,2
DA:24,2
DA:28,1
DA:29,1
DA:31,1
DA:34,0
DA:38,2
DA:39,2
DA:43,2
LF:17
LH:16
BRDA:17,0,0,0
BRDA:18,1,0,1
BRDA:18,1,1,2
BRDA:18,1,2,1
BRDA:18,1,3,0
BRF:5
BRH:3
end_of_record
TN:
SF:/Users/JoseMunoz/myShipments/src/containers/Home/Home.sagas.js
FN:23,(anonymous_0)
FN:29,(anonymous_1)
FN:37,retrievePackages
FN:48,rootSaga
FNF:4
FNH:1
FNDA:0,(anonymous_0)
FNDA:0,(anonymous_1)
FNDA:1,retrievePackages
FNDA:0,rootSaga
DA:23,1
DA:24,0
DA:26,0
DA:29,1
DA:30,0
DA:31,0
DA:32,0
DA:34,0
DA:38,1
DA:39,1
DA:40,0
DA:42,0
DA:44,0
DA:49,0
LF:14
LH:4
BRF:0
BRH:0
end_of_record
TN:
SF:/Users/JoseMunoz/myShipments/src/containers/Login/Login.ducks.js
FN:16,(anonymous_0)
FN:31,(anonymous_1)
FN:36,(anonymous_2)
FN:41,(anonymous_3)
FNF:4
FNH:4
FNDA:3,(anonymous_0)
FNDA:1,(anonymous_1)
FNDA:1,(anonymous_2)
FNDA:1,(anonymous_3)
DA:7,1
DA:8,1
DA:9,1
DA:10,1
DA:12,1
DA:16,1
DA:17,3
DA:21,3
DA:22,3
DA:24,3
DA:27,0
DA:31,1
DA:36,1
DA:41,1
LF:14
LH:13
BRDA:16,0,0,0
BRDA:17,1,0,1
BRDA:17,1,1,2
BRDA:17,1,2,3
BRDA:17,1,3,0
BRF:5
BRH:3
end_of_record
TN:
SF:/Users/JoseMunoz/myShipments/src/containers/Signup/Signup.ducks.js
FN:16,(anonymous_0)
FN:30,(anonymous_1)
FN:35,(anonymous_2)
FN:40,(anonymous_3)
FNF:4
FNH:4
FNDA:3,(anonymous_0)
FNDA:1,(anonymous_1)
FNDA:2,(anonymous_2)
FNDA:3,(anonymous_3)
DA:7,2
DA:8,2
DA:9,2
DA:10,2
DA:12,2
DA:16,2
DA:17,3
DA:21,3
DA:22,3
DA:24,3
DA:26,0
DA:30,2
DA:35,2
DA:40,3
LF:14
LH:13
BRDA:16,0,0,0
BRDA:17,1,0,1
BRDA:17,1,1,2
BRDA:17,1,2,3
BRDA:17,1,3,0
BRF:5
BRH:3
end_of_record
TN:
SF:/Users/JoseMunoz/myShipments/src/containers/Signup/Signup.sagas.js
FN:20,registerUser
FN:31,rootSaga
FNF:2
FNH:1
FNDA:2,registerUser
FNDA:0,rootSaga
DA:21,2
DA:22,2
DA:23,2
DA:25,1
DA:27,0
DA:32,0
LF:6
LH:4
BRF:0
BRH:0
end_of_record
TN:
SF:/Users/JoseMunoz/myShipments/src/graphql/queries.js
FNF:0
FNH:0
DA:4,1
DA:40,1
DA:83,1
DA:135,1
DA:194,1
DA:236,1
LF:6
LH:6
BRF:0
BRH:0
end_of_record
TN:
SF:/Users/JoseMunoz/myShipments/src/services/AfterShip.js
FN:19,(anonymous_0)
FN:20,(anonymous_1)
FN:22,(anonymous_2)
FN:30,(anonymous_3)
FN:37,(anonymous_4)
FN:44,(anonymous_5)
FN:51,(anonymous_6)
FN:58,(anonymous_7)
FN:65,(anonymous_8)
FN:73,(anonymous_9)
FN:80,(anonymous_10)
FN:87,(anonymous_11)
FN:94,(anonymous_12)
FNF:13
FNH:13
FNDA:11,(anonymous_0)
FNDA:2,(anonymous_1)
FNDA:1,(anonymous_2)
FNDA:1,(anonymous_3)
FNDA:1,(anonymous_4)
FNDA:1,(anonymous_5)
FNDA:1,(anonymous_6)
FNDA:1,(anonymous_7)
FNDA:1,(anonymous_8)
FNDA:1,(anonymous_9)
FNDA:1,(anonymous_10)
FNDA:1,(anonymous_11)
FNDA:1,(anonymous_12)
DA:9,1
DA:10,1
DA:19,11
DA:20,2
DA:22,1
DA:23,1
DA:24,1
DA:25,1
DA:27,1
DA:30,1
DA:31,1
DA:32,1
DA:34,1
DA:37,1
DA:38,1
DA:39,1
DA:41,1
DA:44,1
DA:45,1
DA:46,1
DA:48,1
DA:51,1
DA:52,1
DA:53,1
DA:55,1
DA:58,1
DA:59,1
DA:60,1
DA:62,1
DA:65,1
DA:66,1
DA:67,1
DA:68,1
DA:70,1
DA:73,1
DA:74,1
DA:75,1
DA:77,1
DA:80,1
DA:81,1
DA:82,1
DA:84,1
DA:87,1
DA:88,1
DA:89,1
DA:91,1
DA:94,1
DA:95,1
DA:96,1
DA:98,1
LF:50
LH:50
BRF:0
BRH:0
end_of_record
